<?xml version="1.0" encoding="UTF-8"?>
<testng-results ignored="0" total="1" passed="1" failed="0" skipped="0">
  <reporter-output>
  </reporter-output>
  <suite started-at="2024-06-07T00:52:30 IST" name="Default suite" finished-at="2024-06-07T00:52:49 IST" duration-ms="19363">
    <groups>
    </groups>
    <test started-at="2024-06-07T00:52:30 IST" name="Default test" finished-at="2024-06-07T00:52:49 IST" duration-ms="19363">
      <class name="appiumtest.AppiumBasics">
        <test-method signature="AppiumTest()[pri:0, instance:appiumtest.AppiumBasics@7b36aa0c]" started-at="2024-06-07T00:52:30 IST" name="AppiumTest" finished-at="2024-06-07T00:52:49 IST" duration-ms="19270" status="PASS">
          <reporter-output>
          </reporter-output>
        </test-method> <!-- AppiumTest -->
      </class> <!-- appiumtest.AppiumBasics -->
    </test> <!-- Default test -->
  </suite> <!-- Default suite -->
</testng-results>
